Arguments: 
  /Users/dgdev02/.nvm/versions/node/v12.16.2/bin/node /Users/dgdev02/.nvm/versions/node/v12.16.2/bin/yarn add --dev @babel/core @babel/preset-env @babel/preset-react @babel/preset-typescript webpack webpack-cli webpack-dev-server babel-loader react react-dom @types/react @type/react-dom

PATH: 
  /Users/dgdev02/.nvm/versions/node/v12.16.2/bin:/usr/local/bin:/usr/bin:/bin:/usr/sbin:/sbin:/Users/dgdev02/.antigen/bundles/robbyrussell/oh-my-zsh/lib:/Users/dgdev02/.antigen/bundles/robbyrussell/oh-my-zsh/plugins/wd:/Users/dgdev02/.antigen/bundles/robbyrussell/oh-my-zsh/plugins/git:/Users/dgdev02/.antigen/bundles/robbyrussell/oh-my-zsh/plugins/heroku:/Users/dgdev02/.antigen/bundles/robbyrussell/oh-my-zsh/plugins/pip:/Users/dgdev02/.antigen/bundles/robbyrussell/oh-my-zsh/plugins/lein:/Users/dgdev02/.antigen/bundles/robbyrussell/oh-my-zsh/plugins/command-not-found:/Users/dgdev02/.antigen/bundles/lukechilds/zsh-nvm:/Users/dgdev02/.antigen/bundles/zsh-users/zsh-syntax-highlighting

Yarn version: 
  1.22.4

Node version: 
  12.16.2

Platform: 
  darwin x64

Trace: 
  Error: https://registry.yarnpkg.com/@type%2freact-dom: Not found
      at Request.params.callback [as _callback] (/Users/dgdev02/.nvm/versions/node/v12.16.2/lib/node_modules/yarn/lib/cli.js:66987:18)
      at Request.self.callback (/Users/dgdev02/.nvm/versions/node/v12.16.2/lib/node_modules/yarn/lib/cli.js:140748:22)
      at Request.emit (events.js:310:20)
      at Request.<anonymous> (/Users/dgdev02/.nvm/versions/node/v12.16.2/lib/node_modules/yarn/lib/cli.js:141720:10)
      at Request.emit (events.js:310:20)
      at IncomingMessage.<anonymous> (/Users/dgdev02/.nvm/versions/node/v12.16.2/lib/node_modules/yarn/lib/cli.js:141642:12)
      at Object.onceWrapper (events.js:416:28)
      at IncomingMessage.emit (events.js:322:22)
      at endReadableNT (_stream_readable.js:1187:12)
      at processTicksAndRejections (internal/process/task_queues.js:84:21)

npm manifest: 
  {
    "name": "typescript-webpack",
    "version": "1.0.0",
    "main": "index.js",
    "author": "muhammed tareq aziz",
    "license": "MIT",
    "scripts": {
      "start": "webpack-dev-server --open",
      "build": "webpack"
    }
  }

yarn manifest: 
  No manifest

Lockfile: 
  No lockfile
